<?xml version="1.0" encoding="UTF-8"?>
<!-- Generated by org.testng.reporters.JUnitReportReporter -->
<testsuite skipped="0" hostname="IBM983-PC0GHXBW" name="mavenProject.Google" tests="1" failures="0" timestamp="07 Mar 2019 09:50:47 GMT" time="0.021" errors="0">
  <testcase name="launchTest" time="0.021" classname="mavenProject.Google"/>
</testsuite> <!-- mavenProject.Google -->
